  vision.cpp
c:\users\plx018\source\repos\nowy folder\system_kontroli_i_montazu3\opencv_template\opencv_template\opencv_template\vision.cpp(211): warning C4244: "inicjowanie": konwersja z "double" do "float", możliwa utrata danych
c:\users\plx018\source\repos\nowy folder\system_kontroli_i_montazu3\opencv_template\opencv_template\opencv_template\vision.cpp(217): warning C4244: "=": konwersja z "double" do "_Tp", możliwa utrata danych
          with
          [
              _Tp=int
          ]
c:\users\plx018\source\repos\nowy folder\system_kontroli_i_montazu3\opencv_template\opencv_template\opencv_template\vision.cpp(257): warning C4244: "inicjowanie": konwersja z "double" do "float", możliwa utrata danych
c:\users\plx018\source\repos\nowy folder\system_kontroli_i_montazu3\opencv_template\opencv_template\opencv_template\vision.cpp(264): warning C4244: "=": konwersja z "double" do "int", możliwa utrata danych
c:\users\plx018\source\repos\nowy folder\system_kontroli_i_montazu3\opencv_template\opencv_template\opencv_template\vision.cpp(301): warning C4244: "inicjowanie": konwersja z "double" do "float", możliwa utrata danych
c:\users\plx018\source\repos\nowy folder\system_kontroli_i_montazu3\opencv_template\opencv_template\opencv_template\vision.cpp(307): warning C4244: "=": konwersja z "double" do "int", możliwa utrata danych
c:\users\plx018\source\repos\nowy folder\system_kontroli_i_montazu3\opencv_template\opencv_template\opencv_template\vision.cpp(384): warning C4244: "argument": konwersja z "float" do "_Tp", możliwa utrata danych
          with
          [
              _Tp=int
          ]
c:\users\plx018\source\repos\nowy folder\system_kontroli_i_montazu3\opencv_template\opencv_template\opencv_template\vision.cpp(420): warning C4244: "inicjowanie": konwersja z "double" do "float", możliwa utrata danych
c:\users\plx018\source\repos\nowy folder\system_kontroli_i_montazu3\opencv_template\opencv_template\opencv_template\vision.cpp(426): warning C4244: "=": konwersja z "double" do "int", możliwa utrata danych
c:\users\plx018\source\repos\nowy folder\system_kontroli_i_montazu3\opencv_template\opencv_template\opencv_template\vision.cpp(494): warning C4244: "argument": konwersja z "T" do "_Tp", możliwa utrata danych
          with
          [
              T=float
          ]
          and
          [
              _Tp=int
          ]
c:\users\plx018\source\repos\nowy folder\system_kontroli_i_montazu3\opencv_template\opencv_template\opencv_template\vision.cpp(495): warning C4244: "argument": konwersja z "T" do "_Tp", możliwa utrata danych
          with
          [
              T=float
          ]
          and
          [
              _Tp=int
          ]
c:\users\plx018\source\repos\nowy folder\system_kontroli_i_montazu3\opencv_template\opencv_template\opencv_template\vision.cpp(500): warning C4244: "argument": konwersja z "T" do "_Tp", możliwa utrata danych
          with
          [
              T=float
          ]
          and
          [
              _Tp=int
          ]
c:\users\plx018\source\repos\nowy folder\system_kontroli_i_montazu3\opencv_template\opencv_template\opencv_template\vision.cpp(501): warning C4244: "argument": konwersja z "T" do "_Tp", możliwa utrata danych
          with
          [
              T=float
          ]
          and
          [
              _Tp=int
          ]
c:\users\plx018\source\repos\nowy folder\system_kontroli_i_montazu3\opencv_template\opencv_template\opencv_template\vision.cpp(568): warning C4244: "inicjowanie": konwersja z "double" do "float", możliwa utrata danych
c:\users\plx018\source\repos\nowy folder\system_kontroli_i_montazu3\opencv_template\opencv_template\opencv_template\vision.cpp(569): warning C4244: "inicjowanie": konwersja z "double" do "float", możliwa utrata danych
  Trwa generowanie kodu
  6 of 2214 functions ( 0.3%) were compiled, the rest were copied from previous compilation.
    0 functions were new in current compilation
    6 functions had inline decision re-evaluated but remain unchanged
  Zakończono generowanie kodu
  opencv_Template.vcxproj -> C:\Users\plx018\source\repos\Nowy folder\system_kontroli_i_montazu3\opencv_Template\opencv_Template\x64\Release\opencv_Template.exe
