  adding_article.cpp
c:\users\kacpe\onedrive\documents\github\opencv_template\opencv_template\opencv_template\adding_article.cpp(411): warning C4305: "return": obcięcie z "int" do "char"
c:\users\kacpe\onedrive\documents\github\opencv_template\opencv_template\opencv_template\adding_article.cpp(411): warning C4309: "return": obcięcie stałej wartości
  csv_read.cpp
c:\users\kacpe\onedrive\documents\github\opencv_template\opencv_template\opencv_template\csv_read.cpp(27): warning C4102: "std": etykieta, do której nie istnieje odwołanie
  menu_functions.cpp
c:\users\kacpe\onedrive\documents\github\opencv_template\opencv_template\opencv_template\menu_functions.cpp(80): warning C4244: "argument": konwersja z "double" do "T", możliwa utrata danych
          with
          [
              T=float
          ]
c:\users\kacpe\onedrive\documents\github\opencv_template\opencv_template\opencv_template\menu_functions.cpp(81): warning C4244: "argument": konwersja z "int" do "float", możliwa utrata danych
c:\users\kacpe\onedrive\documents\github\opencv_template\opencv_template\opencv_template\menu_functions.cpp(101): warning C4244: "argument": konwersja z "float" do "unsigned int", możliwa utrata danych
c:\users\kacpe\onedrive\documents\github\opencv_template\opencv_template\opencv_template\menu_functions.cpp(103): warning C4244: "argument": konwersja z "int" do "float", możliwa utrata danych
c:\users\kacpe\onedrive\documents\github\opencv_template\opencv_template\opencv_template\menu_functions.cpp(319): warning C4244: "argument": konwersja z "double" do "float", możliwa utrata danych
c:\users\kacpe\onedrive\documents\github\opencv_template\opencv_template\opencv_template\menu_functions.cpp(322): warning C4244: "argument": konwersja z "double" do "float", możliwa utrata danych
c:\users\kacpe\onedrive\documents\github\opencv_template\opencv_template\opencv_template\menu_functions.cpp(325): warning C4244: "argument": konwersja z "double" do "float", możliwa utrata danych
  Universal_functions.cpp
  window_functions.cpp
c:\users\kacpe\onedrive\documents\github\opencv_template\opencv_template\opencv_template\window_functions.cpp(23): warning C4244: "=": konwersja z "float" do "int", możliwa utrata danych
c:\users\kacpe\onedrive\documents\github\opencv_template\opencv_template\opencv_template\window_functions.cpp(24): warning C4244: "=": konwersja z "float" do "int", możliwa utrata danych
c:\users\kacpe\onedrive\documents\github\opencv_template\opencv_template\opencv_template\window_functions.cpp(31): warning C4244: "=": konwersja z "float" do "int", możliwa utrata danych
c:\users\kacpe\onedrive\documents\github\opencv_template\opencv_template\opencv_template\window_functions.cpp(32): warning C4244: "=": konwersja z "float" do "int", możliwa utrata danych
c:\users\kacpe\onedrive\documents\github\opencv_template\opencv_template\opencv_template\window_functions.cpp(49): warning C4244: "argument": konwersja z "double" do "T", możliwa utrata danych
          with
          [
              T=float
          ]
c:\users\kacpe\onedrive\documents\github\opencv_template\opencv_template\opencv_template\window_functions.cpp(50): warning C4244: "argument": konwersja z "int" do "float", możliwa utrata danych
c:\users\kacpe\onedrive\documents\github\opencv_template\opencv_template\opencv_template\window_functions.cpp(71): warning C4244: "argument": konwersja z "float" do "unsigned int", możliwa utrata danych
c:\users\kacpe\onedrive\documents\github\opencv_template\opencv_template\opencv_template\window_functions.cpp(73): warning C4244: "argument": konwersja z "int" do "float", możliwa utrata danych
c:\users\kacpe\onedrive\documents\github\opencv_template\opencv_template\opencv_template\window_functions.cpp(81): warning C4244: "argument": konwersja z "int" do "T", możliwa utrata danych
          with
          [
              T=float
          ]
c:\users\kacpe\onedrive\documents\github\opencv_template\opencv_template\opencv_template\window_functions.cpp(83): warning C4244: "argument": konwersja z "int" do "float", możliwa utrata danych
c:\users\kacpe\onedrive\documents\github\opencv_template\opencv_template\opencv_template\window_functions.cpp(173): warning C4244: "argument": konwersja z "float" do "int", możliwa utrata danych
c:\users\kacpe\onedrive\documents\github\opencv_template\opencv_template\opencv_template\window_functions.cpp(174): warning C4244: "argument": konwersja z "float" do "int", możliwa utrata danych
  main.cpp
  articles.cpp
  Generowanie kodu...
  LINK : nie znaleziono elementu C:\Users\kacpe\OneDrive\Documents\GitHub\opencv_Template\opencv_Template\x64\Debug\opencv_Template.exe ani nie został on skompilowany podczas ostatniego konsolidowania przyrostowego; zostanie wykonana pełna konsolidacja
  opencv_Template.vcxproj -> C:\Users\kacpe\OneDrive\Documents\GitHub\opencv_Template\opencv_Template\x64\Debug\opencv_Template.exe
